<?xml version="1.0" encoding="UTF-8"?>
<coverage generated="1712862659608" clover="3.2.0">
  <project timestamp="1712862659608" name="All files">
    <metrics statements="127" coveredstatements="125" conditionals="32" coveredconditionals="31" methods="7" coveredmethods="7" elements="166" coveredelements="163" complexity="0" loc="127" ncloc="127" packages="1" files="1" classes="1"/>
    <file name="index.js" path="/Users/aymeric/Documents/pro/advent/AOC-Henry/day2/index.js">
      <metrics statements="127" coveredstatements="125" conditionals="32" coveredconditionals="31" methods="7" coveredmethods="7"/>
      <line num="1" count="1" type="cond" truecount="1" falsecount="0"/>
      <line num="2" count="1" type="stmt"/>
      <line num="3" count="1" type="cond" truecount="1" falsecount="0"/>
      <line num="4" count="4" type="stmt"/>
      <line num="5" count="4" type="stmt"/>
      <line num="6" count="4" type="stmt"/>
      <line num="7" count="4" type="stmt"/>
      <line num="8" count="4" type="stmt"/>
      <line num="9" count="4" type="stmt"/>
      <line num="10" count="4" type="stmt"/>
      <line num="11" count="4" type="stmt"/>
      <line num="12" count="4" type="stmt"/>
      <line num="13" count="4" type="stmt"/>
      <line num="14" count="4" type="stmt"/>
      <line num="15" count="4" type="stmt"/>
      <line num="16" count="4" type="stmt"/>
      <line num="17" count="4" type="stmt"/>
      <line num="18" count="4" type="stmt"/>
      <line num="19" count="4" type="stmt"/>
      <line num="20" count="4" type="stmt"/>
      <line num="21" count="4" type="stmt"/>
      <line num="22" count="4" type="cond" truecount="2" falsecount="0"/>
      <line num="23" count="210" type="cond" truecount="1" falsecount="0"/>
      <line num="24" count="928" type="stmt"/>
      <line num="25" count="928" type="stmt"/>
      <line num="26" count="928" type="stmt"/>
      <line num="27" count="928" type="cond" truecount="1" falsecount="0"/>
      <line num="28" count="928" type="cond" truecount="1" falsecount="0"/>
      <line num="29" count="928" type="cond" truecount="1" falsecount="0"/>
      <line num="30" count="928" type="stmt"/>
      <line num="31" count="928" type="stmt"/>
      <line num="32" count="928" type="cond" truecount="2" falsecount="0"/>
      <line num="33" count="928" type="cond" truecount="2" falsecount="0"/>
      <line num="34" count="928" type="cond" truecount="2" falsecount="0"/>
      <line num="35" count="928" type="stmt"/>
      <line num="36" count="210" type="stmt"/>
      <line num="37" count="4" type="stmt"/>
      <line num="38" count="4" type="stmt"/>
      <line num="39" count="4" type="stmt"/>
      <line num="40" count="4" type="stmt"/>
      <line num="41" count="4" type="stmt"/>
      <line num="42" count="4" type="stmt"/>
      <line num="43" count="4" type="stmt"/>
      <line num="44" count="4" type="stmt"/>
      <line num="45" count="4" type="stmt"/>
      <line num="46" count="1" type="stmt"/>
      <line num="47" count="1" type="cond" truecount="1" falsecount="0"/>
      <line num="48" count="2" type="stmt"/>
      <line num="49" count="2" type="stmt"/>
      <line num="50" count="2" type="stmt"/>
      <line num="51" count="2" type="stmt"/>
      <line num="52" count="1" type="stmt"/>
      <line num="53" count="1" type="cond" truecount="1" falsecount="0"/>
      <line num="54" count="3" type="stmt"/>
      <line num="55" count="3" type="cond" truecount="1" falsecount="0"/>
      <line num="56" count="110" type="cond" truecount="1" falsecount="0"/>
      <line num="57" count="55" type="stmt"/>
      <line num="58" count="55" type="stmt"/>
      <line num="59" count="110" type="stmt"/>
      <line num="60" count="3" type="stmt"/>
      <line num="61" count="3" type="stmt"/>
      <line num="62" count="3" type="stmt"/>
      <line num="63" count="1" type="stmt"/>
      <line num="64" count="1" type="cond" truecount="1" falsecount="0"/>
      <line num="65" count="112" type="stmt"/>
      <line num="66" count="112" type="stmt"/>
      <line num="67" count="112" type="stmt"/>
      <line num="68" count="112" type="stmt"/>
      <line num="69" count="112" type="stmt"/>
      <line num="70" count="112" type="cond" truecount="1" falsecount="0"/>
      <line num="71" count="339" type="cond" truecount="0" falsecount="1"/>
      <line num="72" count="0" type="stmt"/>
      <line num="73" count="0" type="stmt"/>
      <line num="74" count="339" type="stmt"/>
      <line num="75" count="339" type="cond" truecount="3" falsecount="0"/>
      <line num="76" count="56" type="stmt"/>
      <line num="77" count="56" type="stmt"/>
      <line num="78" count="56" type="stmt"/>
      <line num="79" count="339" type="stmt"/>
      <line num="80" count="112" type="stmt"/>
      <line num="81" count="112" type="stmt"/>
      <line num="82" count="112" type="stmt"/>
      <line num="83" count="1" type="stmt"/>
      <line num="84" count="1" type="stmt"/>
      <line num="85" count="1" type="stmt"/>
      <line num="86" count="1" type="stmt"/>
      <line num="87" count="1" type="stmt"/>
      <line num="88" count="1" type="cond" truecount="1" falsecount="0"/>
      <line num="89" count="2" type="stmt"/>
      <line num="90" count="2" type="stmt"/>
      <line num="91" count="2" type="stmt"/>
      <line num="92" count="2" type="stmt"/>
      <line num="93" count="1" type="stmt"/>
      <line num="94" count="1" type="cond" truecount="1" falsecount="0"/>
      <line num="95" count="3" type="stmt"/>
      <line num="96" count="3" type="stmt"/>
      <line num="97" count="3" type="cond" truecount="1" falsecount="0"/>
      <line num="98" count="110" type="stmt"/>
      <line num="99" count="110" type="stmt"/>
      <line num="100" count="3" type="stmt"/>
      <line num="101" count="3" type="stmt"/>
      <line num="102" count="3" type="stmt"/>
      <line num="103" count="1" type="stmt"/>
      <line num="104" count="1" type="stmt"/>
      <line num="105" count="1" type="cond" truecount="1" falsecount="0"/>
      <line num="106" count="112" type="stmt"/>
      <line num="107" count="112" type="stmt"/>
      <line num="108" count="112" type="stmt"/>
      <line num="109" count="112" type="stmt"/>
      <line num="110" count="112" type="cond" truecount="1" falsecount="0"/>
      <line num="111" count="484" type="cond" truecount="1" falsecount="0"/>
      <line num="112" count="185" type="stmt"/>
      <line num="113" count="185" type="stmt"/>
      <line num="114" count="484" type="cond" truecount="1" falsecount="0"/>
      <line num="115" count="200" type="stmt"/>
      <line num="116" count="200" type="stmt"/>
      <line num="117" count="484" type="cond" truecount="1" falsecount="0"/>
      <line num="118" count="207" type="stmt"/>
      <line num="119" count="207" type="stmt"/>
      <line num="120" count="484" type="stmt"/>
      <line num="121" count="112" type="stmt"/>
      <line num="122" count="112" type="stmt"/>
      <line num="123" count="112" type="stmt"/>
      <line num="124" count="112" type="stmt"/>
      <line num="125" count="112" type="stmt"/>
      <line num="126" count="112" type="stmt"/>
      <line num="127" count="112" type="stmt"/>
    </file>
  </project>
</coverage>
