{"/Users/aymeric/Documents/pro/advent/AOC-Henry/day2/index.js": {"path":"/Users/aymeric/Documents/pro/advent/AOC-Henry/day2/index.js","all":false,"statementMap":{"0":{"start":{"line":1,"column":0},"end":{"line":1,"column":40}},"1":{"start":{"line":2,"column":0},"end":{"line":2,"column":0}},"2":{"start":{"line":3,"column":0},"end":{"line":3,"column":51}},"3":{"start":{"line":4,"column":0},"end":{"line":4,"column":16}},"4":{"start":{"line":5,"column":0},"end":{"line":5,"column":16}},"5":{"start":{"line":6,"column":0},"end":{"line":6,"column":0}},"6":{"start":{"line":7,"column":0},"end":{"line":7,"column":7}},"7":{"start":{"line":8,"column":0},"end":{"line":8,"column":43}},"8":{"start":{"line":9,"column":0},"end":{"line":9,"column":44}},"9":{"start":{"line":10,"column":0},"end":{"line":10,"column":0}},"10":{"start":{"line":11,"column":0},"end":{"line":11,"column":34}},"11":{"start":{"line":12,"column":0},"end":{"line":12,"column":36}},"12":{"start":{"line":13,"column":0},"end":{"line":13,"column":0}},"13":{"start":{"line":14,"column":0},"end":{"line":14,"column":35}},"14":{"start":{"line":15,"column":0},"end":{"line":15,"column":37}},"15":{"start":{"line":16,"column":0},"end":{"line":16,"column":39}},"16":{"start":{"line":17,"column":0},"end":{"line":17,"column":0}},"17":{"start":{"line":18,"column":0},"end":{"line":18,"column":16}},"18":{"start":{"line":19,"column":0},"end":{"line":19,"column":17}},"19":{"start":{"line":20,"column":0},"end":{"line":20,"column":17}},"20":{"start":{"line":21,"column":0},"end":{"line":21,"column":0}},"21":{"start":{"line":22,"column":0},"end":{"line":22,"column":48}},"22":{"start":{"line":23,"column":0},"end":{"line":23,"column":44}},"23":{"start":{"line":24,"column":0},"end":{"line":24,"column":16}},"24":{"start":{"line":25,"column":0},"end":{"line":25,"column":17}},"25":{"start":{"line":26,"column":0},"end":{"line":26,"column":18}},"26":{"start":{"line":27,"column":0},"end":{"line":27,"column":49}},"27":{"start":{"line":28,"column":0},"end":{"line":28,"column":53}},"28":{"start":{"line":29,"column":0},"end":{"line":29,"column":51}},"29":{"start":{"line":30,"column":0},"end":{"line":30,"column":0}},"30":{"start":{"line":31,"column":0},"end":{"line":31,"column":16}},"31":{"start":{"line":32,"column":0},"end":{"line":32,"column":46}},"32":{"start":{"line":33,"column":0},"end":{"line":33,"column":52}},"33":{"start":{"line":34,"column":0},"end":{"line":34,"column":49}},"34":{"start":{"line":35,"column":0},"end":{"line":35,"column":9}},"35":{"start":{"line":36,"column":0},"end":{"line":36,"column":8}},"36":{"start":{"line":37,"column":0},"end":{"line":37,"column":6}},"37":{"start":{"line":38,"column":0},"end":{"line":38,"column":0}},"38":{"start":{"line":39,"column":0},"end":{"line":39,"column":0}},"39":{"start":{"line":40,"column":0},"end":{"line":40,"column":13}},"40":{"start":{"line":41,"column":0},"end":{"line":41,"column":30}},"41":{"start":{"line":42,"column":0},"end":{"line":42,"column":3}},"42":{"start":{"line":43,"column":0},"end":{"line":43,"column":0}},"43":{"start":{"line":44,"column":0},"end":{"line":44,"column":14}},"44":{"start":{"line":45,"column":0},"end":{"line":45,"column":1}},"45":{"start":{"line":46,"column":0},"end":{"line":46,"column":0}},"46":{"start":{"line":47,"column":0},"end":{"line":47,"column":65}},"47":{"start":{"line":48,"column":0},"end":{"line":48,"column":49}},"48":{"start":{"line":49,"column":0},"end":{"line":49,"column":42}},"49":{"start":{"line":50,"column":0},"end":{"line":50,"column":0}},"50":{"start":{"line":51,"column":0},"end":{"line":51,"column":1}},"51":{"start":{"line":52,"column":0},"end":{"line":52,"column":0}},"52":{"start":{"line":53,"column":0},"end":{"line":53,"column":51}},"53":{"start":{"line":54,"column":0},"end":{"line":54,"column":16}},"54":{"start":{"line":55,"column":0},"end":{"line":55,"column":42}},"55":{"start":{"line":56,"column":0},"end":{"line":56,"column":43}},"56":{"start":{"line":57,"column":0},"end":{"line":57,"column":20}},"57":{"start":{"line":58,"column":0},"end":{"line":58,"column":5}},"58":{"start":{"line":59,"column":0},"end":{"line":59,"column":3}},"59":{"start":{"line":60,"column":0},"end":{"line":60,"column":0}},"60":{"start":{"line":61,"column":0},"end":{"line":61,"column":14}},"61":{"start":{"line":62,"column":0},"end":{"line":62,"column":1}},"62":{"start":{"line":63,"column":0},"end":{"line":63,"column":0}},"63":{"start":{"line":64,"column":0},"end":{"line":64,"column":47}},"64":{"start":{"line":65,"column":0},"end":{"line":65,"column":21}},"65":{"start":{"line":66,"column":0},"end":{"line":66,"column":31}},"66":{"start":{"line":67,"column":0},"end":{"line":67,"column":33}},"67":{"start":{"line":68,"column":0},"end":{"line":68,"column":32}},"68":{"start":{"line":69,"column":0},"end":{"line":69,"column":0}},"69":{"start":{"line":70,"column":0},"end":{"line":70,"column":42}},"70":{"start":{"line":71,"column":0},"end":{"line":71,"column":30}},"71":{"start":{"line":72,"column":0},"end":{"line":72,"column":91}},"72":{"start":{"line":73,"column":0},"end":{"line":73,"column":5}},"73":{"start":{"line":74,"column":0},"end":{"line":74,"column":0}},"74":{"start":{"line":75,"column":0},"end":{"line":75,"column":82}},"75":{"start":{"line":76,"column":0},"end":{"line":76,"column":21}},"76":{"start":{"line":77,"column":0},"end":{"line":77,"column":11}},"77":{"start":{"line":78,"column":0},"end":{"line":78,"column":5}},"78":{"start":{"line":79,"column":0},"end":{"line":79,"column":3}},"79":{"start":{"line":80,"column":0},"end":{"line":80,"column":0}},"80":{"start":{"line":81,"column":0},"end":{"line":81,"column":16}},"81":{"start":{"line":82,"column":0},"end":{"line":82,"column":1}},"82":{"start":{"line":83,"column":0},"end":{"line":83,"column":0}},"83":{"start":{"line":84,"column":0},"end":{"line":84,"column":0}},"84":{"start":{"line":85,"column":0},"end":{"line":85,"column":9}},"85":{"start":{"line":86,"column":0},"end":{"line":86,"column":0}},"86":{"start":{"line":87,"column":0},"end":{"line":87,"column":0}},"87":{"start":{"line":88,"column":0},"end":{"line":88,"column":57}},"88":{"start":{"line":89,"column":0},"end":{"line":89,"column":49}},"89":{"start":{"line":90,"column":0},"end":{"line":90,"column":34}},"90":{"start":{"line":91,"column":0},"end":{"line":91,"column":0}},"91":{"start":{"line":92,"column":0},"end":{"line":92,"column":1}},"92":{"start":{"line":93,"column":0},"end":{"line":93,"column":0}},"93":{"start":{"line":94,"column":0},"end":{"line":94,"column":43}},"94":{"start":{"line":95,"column":0},"end":{"line":95,"column":16}},"95":{"start":{"line":96,"column":0},"end":{"line":96,"column":0}},"96":{"start":{"line":97,"column":0},"end":{"line":97,"column":42}},"97":{"start":{"line":98,"column":0},"end":{"line":98,"column":37}},"98":{"start":{"line":99,"column":0},"end":{"line":99,"column":3}},"99":{"start":{"line":100,"column":0},"end":{"line":100,"column":0}},"100":{"start":{"line":101,"column":0},"end":{"line":101,"column":14}},"101":{"start":{"line":102,"column":0},"end":{"line":102,"column":1}},"102":{"start":{"line":103,"column":0},"end":{"line":103,"column":0}},"103":{"start":{"line":104,"column":0},"end":{"line":104,"column":0}},"104":{"start":{"line":105,"column":0},"end":{"line":105,"column":39}},"105":{"start":{"line":106,"column":0},"end":{"line":106,"column":17}},"106":{"start":{"line":107,"column":0},"end":{"line":107,"column":19}},"107":{"start":{"line":108,"column":0},"end":{"line":108,"column":18}},"108":{"start":{"line":109,"column":0},"end":{"line":109,"column":0}},"109":{"start":{"line":110,"column":0},"end":{"line":110,"column":42}},"110":{"start":{"line":111,"column":0},"end":{"line":111,"column":31}},"111":{"start":{"line":112,"column":0},"end":{"line":112,"column":26}},"112":{"start":{"line":113,"column":0},"end":{"line":113,"column":5}},"113":{"start":{"line":114,"column":0},"end":{"line":114,"column":33}},"114":{"start":{"line":115,"column":0},"end":{"line":115,"column":28}},"115":{"start":{"line":116,"column":0},"end":{"line":116,"column":5}},"116":{"start":{"line":117,"column":0},"end":{"line":117,"column":32}},"117":{"start":{"line":118,"column":0},"end":{"line":118,"column":27}},"118":{"start":{"line":119,"column":0},"end":{"line":119,"column":5}},"119":{"start":{"line":120,"column":0},"end":{"line":120,"column":3}},"120":{"start":{"line":121,"column":0},"end":{"line":121,"column":0}},"121":{"start":{"line":122,"column":0},"end":{"line":122,"column":52}},"122":{"start":{"line":123,"column":0},"end":{"line":123,"column":40}},"123":{"start":{"line":124,"column":0},"end":{"line":124,"column":40}},"124":{"start":{"line":125,"column":0},"end":{"line":125,"column":2}},"125":{"start":{"line":126,"column":0},"end":{"line":126,"column":36}},"126":{"start":{"line":127,"column":0},"end":{"line":127,"column":1}}},"s":{"0":1,"1":1,"2":1,"3":4,"4":4,"5":4,"6":4,"7":4,"8":4,"9":4,"10":4,"11":4,"12":4,"13":4,"14":4,"15":4,"16":4,"17":4,"18":4,"19":4,"20":4,"21":4,"22":210,"23":928,"24":928,"25":928,"26":928,"27":928,"28":928,"29":928,"30":928,"31":928,"32":928,"33":928,"34":928,"35":210,"36":4,"37":4,"38":4,"39":4,"40":4,"41":4,"42":4,"43":4,"44":4,"45":1,"46":1,"47":2,"48":2,"49":2,"50":2,"51":1,"52":1,"53":3,"54":3,"55":110,"56":55,"57":55,"58":110,"59":3,"60":3,"61":3,"62":1,"63":1,"64":112,"65":112,"66":112,"67":112,"68":112,"69":112,"70":339,"71":0,"72":0,"73":339,"74":339,"75":56,"76":56,"77":56,"78":339,"79":112,"80":112,"81":112,"82":1,"83":1,"84":1,"85":1,"86":1,"87":1,"88":2,"89":2,"90":2,"91":2,"92":1,"93":1,"94":3,"95":3,"96":3,"97":110,"98":110,"99":3,"100":3,"101":3,"102":1,"103":1,"104":1,"105":112,"106":112,"107":112,"108":112,"109":112,"110":484,"111":185,"112":185,"113":484,"114":200,"115":200,"116":484,"117":207,"118":207,"119":484,"120":112,"121":112,"122":112,"123":112,"124":112,"125":112,"126":112},"branchMap":{"0":{"type":"branch","line":1,"loc":{"start":{"line":1,"column":0},"end":{"line":127,"column":1}},"locations":[{"start":{"line":1,"column":0},"end":{"line":127,"column":1}}]},"1":{"type":"branch","line":3,"loc":{"start":{"line":3,"column":7},"end":{"line":45,"column":1}},"locations":[{"start":{"line":3,"column":7},"end":{"line":45,"column":1}}]},"2":{"type":"branch","line":22,"loc":{"start":{"line":22,"column":25},"end":{"line":22,"column":31}},"locations":[{"start":{"line":22,"column":25},"end":{"line":22,"column":31}}]},"3":{"type":"branch","line":22,"loc":{"start":{"line":22,"column":37},"end":{"line":37,"column":5}},"locations":[{"start":{"line":22,"column":37},"end":{"line":37,"column":5}}]},"4":{"type":"branch","line":23,"loc":{"start":{"line":23,"column":33},"end":{"line":36,"column":7}},"locations":[{"start":{"line":23,"column":33},"end":{"line":36,"column":7}}]},"5":{"type":"branch","line":27,"loc":{"start":{"line":27,"column":44},"end":{"line":27,"column":49}},"locations":[{"start":{"line":27,"column":44},"end":{"line":27,"column":49}}]},"6":{"type":"branch","line":28,"loc":{"start":{"line":28,"column":48},"end":{"line":28,"column":53}},"locations":[{"start":{"line":28,"column":48},"end":{"line":28,"column":53}}]},"7":{"type":"branch","line":29,"loc":{"start":{"line":29,"column":46},"end":{"line":29,"column":51}},"locations":[{"start":{"line":29,"column":46},"end":{"line":29,"column":51}}]},"8":{"type":"branch","line":32,"loc":{"start":{"line":32,"column":19},"end":{"line":32,"column":39}},"locations":[{"start":{"line":32,"column":19},"end":{"line":32,"column":39}}]},"9":{"type":"branch","line":32,"loc":{"start":{"line":32,"column":40},"end":{"line":32,"column":45}},"locations":[{"start":{"line":32,"column":40},"end":{"line":32,"column":45}}]},"10":{"type":"branch","line":33,"loc":{"start":{"line":33,"column":21},"end":{"line":33,"column":43}},"locations":[{"start":{"line":33,"column":21},"end":{"line":33,"column":43}}]},"11":{"type":"branch","line":33,"loc":{"start":{"line":33,"column":44},"end":{"line":33,"column":51}},"locations":[{"start":{"line":33,"column":44},"end":{"line":33,"column":51}}]},"12":{"type":"branch","line":34,"loc":{"start":{"line":34,"column":20},"end":{"line":34,"column":41}},"locations":[{"start":{"line":34,"column":20},"end":{"line":34,"column":41}}]},"13":{"type":"branch","line":34,"loc":{"start":{"line":34,"column":42},"end":{"line":34,"column":48}},"locations":[{"start":{"line":34,"column":42},"end":{"line":34,"column":48}}]},"14":{"type":"branch","line":47,"loc":{"start":{"line":47,"column":7},"end":{"line":51,"column":1}},"locations":[{"start":{"line":47,"column":7},"end":{"line":51,"column":1}}]},"15":{"type":"branch","line":53,"loc":{"start":{"line":53,"column":7},"end":{"line":62,"column":1}},"locations":[{"start":{"line":53,"column":7},"end":{"line":62,"column":1}}]},"16":{"type":"branch","line":55,"loc":{"start":{"line":55,"column":41},"end":{"line":59,"column":3}},"locations":[{"start":{"line":55,"column":41},"end":{"line":59,"column":3}}]},"17":{"type":"branch","line":56,"loc":{"start":{"line":56,"column":42},"end":{"line":58,"column":5}},"locations":[{"start":{"line":56,"column":42},"end":{"line":58,"column":5}}]},"18":{"type":"branch","line":64,"loc":{"start":{"line":64,"column":7},"end":{"line":82,"column":1}},"locations":[{"start":{"line":64,"column":7},"end":{"line":82,"column":1}}]},"19":{"type":"branch","line":70,"loc":{"start":{"line":70,"column":41},"end":{"line":79,"column":3}},"locations":[{"start":{"line":70,"column":41},"end":{"line":79,"column":3}}]},"20":{"type":"branch","line":71,"loc":{"start":{"line":71,"column":29},"end":{"line":73,"column":5}},"locations":[{"start":{"line":71,"column":29},"end":{"line":73,"column":5}}]},"21":{"type":"branch","line":75,"loc":{"start":{"line":75,"column":29},"end":{"line":75,"column":53}},"locations":[{"start":{"line":75,"column":29},"end":{"line":75,"column":53}}]},"22":{"type":"branch","line":75,"loc":{"start":{"line":75,"column":54},"end":{"line":75,"column":79}},"locations":[{"start":{"line":75,"column":54},"end":{"line":75,"column":79}}]},"23":{"type":"branch","line":75,"loc":{"start":{"line":75,"column":81},"end":{"line":78,"column":5}},"locations":[{"start":{"line":75,"column":81},"end":{"line":78,"column":5}}]},"24":{"type":"branch","line":88,"loc":{"start":{"line":88,"column":7},"end":{"line":92,"column":1}},"locations":[{"start":{"line":88,"column":7},"end":{"line":92,"column":1}}]},"25":{"type":"branch","line":94,"loc":{"start":{"line":94,"column":7},"end":{"line":102,"column":1}},"locations":[{"start":{"line":94,"column":7},"end":{"line":102,"column":1}}]},"26":{"type":"branch","line":97,"loc":{"start":{"line":97,"column":41},"end":{"line":99,"column":3}},"locations":[{"start":{"line":97,"column":41},"end":{"line":99,"column":3}}]},"27":{"type":"branch","line":105,"loc":{"start":{"line":105,"column":7},"end":{"line":127,"column":1}},"locations":[{"start":{"line":105,"column":7},"end":{"line":127,"column":1}}]},"28":{"type":"branch","line":110,"loc":{"start":{"line":110,"column":41},"end":{"line":120,"column":3}},"locations":[{"start":{"line":110,"column":41},"end":{"line":120,"column":3}}]},"29":{"type":"branch","line":111,"loc":{"start":{"line":111,"column":30},"end":{"line":113,"column":5}},"locations":[{"start":{"line":111,"column":30},"end":{"line":113,"column":5}}]},"30":{"type":"branch","line":114,"loc":{"start":{"line":114,"column":32},"end":{"line":116,"column":5}},"locations":[{"start":{"line":114,"column":32},"end":{"line":116,"column":5}}]},"31":{"type":"branch","line":117,"loc":{"start":{"line":117,"column":31},"end":{"line":119,"column":5}},"locations":[{"start":{"line":117,"column":31},"end":{"line":119,"column":5}}]}},"b":{"0":[1],"1":[4],"2":[214],"3":[210],"4":[928],"5":[806],"6":[818],"7":[828],"8":[806],"9":[122],"10":[818],"11":[110],"12":[828],"13":[100],"14":[2],"15":[3],"16":[110],"17":[55],"18":[112],"19":[339],"20":[0],"21":[314],"22":[298],"23":[56],"24":[2],"25":[3],"26":[110],"27":[112],"28":[484],"29":[185],"30":[200],"31":[207]},"fnMap":{"0":{"name":"getGamesFromFiles","decl":{"start":{"line":3,"column":7},"end":{"line":45,"column":1}},"loc":{"start":{"line":3,"column":7},"end":{"line":45,"column":1}},"line":3},"1":{"name":"checkGamesFromFile","decl":{"start":{"line":47,"column":7},"end":{"line":51,"column":1}},"loc":{"start":{"line":47,"column":7},"end":{"line":51,"column":1}},"line":47},"2":{"name":"checkAllGames","decl":{"start":{"line":53,"column":7},"end":{"line":62,"column":1}},"loc":{"start":{"line":53,"column":7},"end":{"line":62,"column":1}},"line":53},"3":{"name":"checkGame","decl":{"start":{"line":64,"column":7},"end":{"line":82,"column":1}},"loc":{"start":{"line":64,"column":7},"end":{"line":82,"column":1}},"line":64},"4":{"name":"checkGamesFromFilePart2","decl":{"start":{"line":88,"column":7},"end":{"line":92,"column":1}},"loc":{"start":{"line":88,"column":7},"end":{"line":92,"column":1}},"line":88},"5":{"name":"checkAllGamesPart2","decl":{"start":{"line":94,"column":7},"end":{"line":102,"column":1}},"loc":{"start":{"line":94,"column":7},"end":{"line":102,"column":1}},"line":94},"6":{"name":"checkGamePart2","decl":{"start":{"line":105,"column":7},"end":{"line":127,"column":1}},"loc":{"start":{"line":105,"column":7},"end":{"line":127,"column":1}},"line":105}},"f":{"0":4,"1":2,"2":3,"3":112,"4":2,"5":3,"6":112}}
}
