TN:
SF:day2/index.js
FN:3,getGamesFromFiles
FN:47,checkGamesFromFile
FN:53,checkAllGames
FN:64,checkGame
FN:88,checkGamesFromFilePart2
FN:94,checkAllGamesPart2
FN:105,checkGamePart2
FNF:7
FNH:7
FNDA:4,getGamesFromFiles
FNDA:2,checkGamesFromFile
FNDA:3,checkAllGames
FNDA:112,checkGame
FNDA:2,checkGamesFromFilePart2
FNDA:3,checkAllGamesPart2
FNDA:112,checkGamePart2
DA:1,1
DA:2,1
DA:3,1
DA:4,4
DA:5,4
DA:6,4
DA:7,4
DA:8,4
DA:9,4
DA:10,4
DA:11,4
DA:12,4
DA:13,4
DA:14,4
DA:15,4
DA:16,4
DA:17,4
DA:18,4
DA:19,4
DA:20,4
DA:21,4
DA:22,4
DA:23,210
DA:24,928
DA:25,928
DA:26,928
DA:27,928
DA:28,928
DA:29,928
DA:30,928
DA:31,928
DA:32,928
DA:33,928
DA:34,928
DA:35,928
DA:36,210
DA:37,4
DA:38,4
DA:39,4
DA:40,4
DA:41,4
DA:42,4
DA:43,4
DA:44,4
DA:45,4
DA:46,1
DA:47,1
DA:48,2
DA:49,2
DA:50,2
DA:51,2
DA:52,1
DA:53,1
DA:54,3
DA:55,3
DA:56,110
DA:57,55
DA:58,55
DA:59,110
DA:60,3
DA:61,3
DA:62,3
DA:63,1
DA:64,1
DA:65,112
DA:66,112
DA:67,112
DA:68,112
DA:69,112
DA:70,112
DA:71,339
DA:72,0
DA:73,0
DA:74,339
DA:75,339
DA:76,56
DA:77,56
DA:78,56
DA:79,339
DA:80,112
DA:81,112
DA:82,112
DA:83,1
DA:84,1
DA:85,1
DA:86,1
DA:87,1
DA:88,1
DA:89,2
DA:90,2
DA:91,2
DA:92,2
DA:93,1
DA:94,1
DA:95,3
DA:96,3
DA:97,3
DA:98,110
DA:99,110
DA:100,3
DA:101,3
DA:102,3
DA:103,1
DA:104,1
DA:105,1
DA:106,112
DA:107,112
DA:108,112
DA:109,112
DA:110,112
DA:111,484
DA:112,185
DA:113,185
DA:114,484
DA:115,200
DA:116,200
DA:117,484
DA:118,207
DA:119,207
DA:120,484
DA:121,112
DA:122,112
DA:123,112
DA:124,112
DA:125,112
DA:126,112
DA:127,112
LF:127
LH:125
BRDA:1,0,0,1
BRDA:3,1,0,4
BRDA:22,2,0,214
BRDA:22,3,0,210
BRDA:23,4,0,928
BRDA:27,5,0,806
BRDA:28,6,0,818
BRDA:29,7,0,828
BRDA:32,8,0,806
BRDA:32,9,0,122
BRDA:33,10,0,818
BRDA:33,11,0,110
BRDA:34,12,0,828
BRDA:34,13,0,100
BRDA:47,14,0,2
BRDA:53,15,0,3
BRDA:55,16,0,110
BRDA:56,17,0,55
BRDA:64,18,0,112
BRDA:70,19,0,339
BRDA:71,20,0,0
BRDA:75,21,0,314
BRDA:75,22,0,298
BRDA:75,23,0,56
BRDA:88,24,0,2
BRDA:94,25,0,3
BRDA:97,26,0,110
BRDA:105,27,0,112
BRDA:110,28,0,484
BRDA:111,29,0,185
BRDA:114,30,0,200
BRDA:117,31,0,207
BRF:32
BRH:31
end_of_record
