TN:
SF:day1/index.js
FN:9,extractCalibration
FN:25,extractCalibrationFromBuffer
FN:66,extractCalibrationPart2
FN:92,extractCalibrationFromString
FNF:4
FNH:4
FNDA:2,extractCalibration
FNDA:10,extractCalibrationFromBuffer
FNDA:1,extractCalibrationPart2
FNDA:4,extractCalibrationFromString
DA:1,1
DA:2,1
DA:3,1
DA:4,1
DA:5,1
DA:6,1
DA:7,1
DA:8,1
DA:9,1
DA:10,2
DA:11,2
DA:12,2
DA:13,2
DA:14,2
DA:15,2
DA:16,2
DA:17,2
DA:18,2
DA:19,2
DA:20,2
DA:21,2
DA:22,2
DA:23,1
DA:24,1
DA:25,1
DA:26,10
DA:27,10
DA:28,10
DA:29,10
DA:30,10
DA:31,10
DA:32,22188
DA:33,22188
DA:34,1007
DA:35,1007
DA:36,1007
DA:37,1007
DA:38,1007
DA:39,1007
DA:40,22188
DA:41,22188
DA:42,22188
DA:43,2263
DA:44,1015
DA:45,1015
DA:46,1015
DA:47,2263
DA:48,2263
DA:49,2263
DA:50,22188
DA:51,10
DA:52,10
DA:53,10
DA:54,8
DA:55,8
DA:56,10
DA:57,10
DA:58,1
DA:59,1
DA:60,1
DA:61,1
DA:62,1
DA:63,1
DA:64,1
DA:65,1
DA:66,1
DA:67,1
DA:68,1
DA:69,1
DA:70,1
DA:71,1
DA:72,1
DA:73,1
DA:74,1
DA:75,1
DA:76,1
DA:77,1
DA:78,1
DA:79,1
DA:80,1
DA:81,1
DA:82,1
DA:83,1
DA:84,1
DA:85,1
DA:86,1
DA:87,1
DA:88,1
DA:89,1
DA:90,1
DA:91,1
DA:92,1
DA:93,4
DA:94,4
DA:95,4
DA:96,4
DA:97,4
DA:98,4
DA:99,4
DA:100,4
DA:101,4
DA:102,4
DA:103,4
DA:104,4
DA:105,4
DA:106,4
DA:107,4
DA:108,4
DA:109,4
DA:110,4
DA:111,1012
DA:112,1009
DA:113,1009
DA:114,1012
DA:115,4
DA:116,4
DA:117,4
LF:117
LH:117
BRDA:1,0,0,1
BRDA:9,1,0,2
BRDA:25,2,0,10
BRDA:31,3,0,22188
BRDA:33,4,0,1007
BRDA:42,5,0,3270
BRDA:42,6,0,2263
BRDA:43,7,0,1015
BRDA:53,8,0,8
BRDA:66,9,0,1
BRDA:92,10,0,4
BRDA:110,11,0,1012
BRDA:111,12,0,1009
BRF:13
BRH:13
end_of_record
